================================================================
  Vivado(TM) HLS - High-Level Synthesis from C, C++ and SystemC
  Version 2016.4
  Build 1756540 on Mon Jan 23 19:31:01 MST 2017
  Copyright (C) 1986-2017 Xilinx, Inc. All Rights Reserved.
================================================================
INFO: [HLS 200-10] Running 'C:/Xilinx/Vivado_HLS/2016.4/bin/unwrapped/win64.o/vivado_hls.exe'
INFO: [HLS 200-10] For user 'izhak' on host 'desktop-b0piqlm' (Windows NT_amd64 version 6.2) on Mon Feb 06 10:44:13 +0200 2023
INFO: [HLS 200-10] In directory 'C:/Users/izhak/Desktop/snapify/code'
C:UsersizhakDesktopsnapifycodeinding_roll.py can't be opened.
couldn't read file "C:UsersizhakDesktopsnapifycodeinding_roll.py": no such file or directory
    while executing
"source {C:UsersizhakDesktopsnapifycodeinding_roll.py}"
    invoked from within
"hls::main C:\Users\izhak\Desktop\snapify\code\finding_roll.py"
    ("uplevel" body line 1)
    invoked from within
"uplevel 1 hls::main {*}$args"
    (procedure "hls_proc" line 5)
    invoked from within
"hls_proc $argv"
